<?xml version="1.0" encoding="UTF-8"?>
<!-- Generated by org.testng.reporters.JUnitReportReporter -->
<testsuite hostname="PHGD5CG1122KRH" failures="0" tests="2" name="test.ContactPage_Test" time="19.843" errors="0" timestamp="2022-06-04T17:47:44 CST" skipped="0">
  <testcase classname="test.ContactPage_Test" name="test_case1" time="8.443"/>
  <system-out/>
  <testcase classname="test.ContactPage_Test" name="test_case2" time="11.400"/>
  <system-out/>
</testsuite> <!-- test.ContactPage_Test -->
