<?xml version="1.0" encoding="UTF-8"?>
<!-- Generated by org.testng.reporters.JUnitReportReporter -->
<testsuite hostname="PHGD5CG1122KRH" failures="0" tests="2" name="test.ShopPage_Test" time="18.748" errors="0" timestamp="2022-06-04T17:47:44 CST" skipped="0">
  <testcase classname="test.ShopPage_Test" name="test_case3" time="8.364"/>
  <system-out/>
  <testcase classname="test.ShopPage_Test" name="test_case4" time="10.384"/>
  <system-out/>
</testsuite> <!-- test.ShopPage_Test -->
